\BOOKMARK [1][-]{section*.1}{\376\377\000A\000b\000s\000t\000r\000a\000c\000t}{}% 1
\BOOKMARK [1][-]{section.1}{\376\377\0001\000\040\000I\000n\000t\000r\000o\000d\000u\000c\000t\000i\000o\000n}{}% 2
\BOOKMARK [1][-]{section.2}{\376\377\0002\000\040\000T\000h\000e\000m\000e\000\040\000S\000e\000l\000e\000c\000t\000i\000o\000n}{}% 3
\BOOKMARK [1][-]{section.3}{\376\377\0003\000\040\000D\000a\000t\000a\000\040\000C\000o\000l\000l\000e\000c\000t\000i\000o\000n}{}% 4
\BOOKMARK [2][-]{subsection.3.1}{\376\377\0003\000.\0001\000\040\000S\000e\000l\000e\000c\000t\000i\000o\000n\000\040\000o\000f\000\040\000D\000a\000t\000a}{section.3}% 5
\BOOKMARK [2][-]{subsection.3.2}{\376\377\0003\000.\0002\000\040\000G\000a\000t\000h\000e\000r\000i\000n\000g}{section.3}% 6
\BOOKMARK [1][-]{section.4}{\376\377\0004\000\040\000P\000i\000p\000e\000l\000i\000n\000e\000\040\000D\000e\000s\000c\000r\000i\000p\000t\000i\000o\000n}{}% 7
\BOOKMARK [2][-]{subsection.4.1}{\376\377\0004\000.\0001\000\040\000E\000l\000i\000m\000i\000n\000a\000t\000i\000o\000n\000\040\000o\000f\000\040\000N\000u\000l\000l\000\040\000V\000a\000l\000u\000e\000s\000\040\000a\000n\000d\000\040\000R\000o\000w\000s}{section.4}% 8
\BOOKMARK [2][-]{subsection.4.2}{\376\377\0004\000.\0002\000\040\000T\000e\000x\000t\000\040\000N\000o\000r\000m\000a\000l\000i\000z\000a\000t\000i\000o\000n}{section.4}% 9
\BOOKMARK [2][-]{subsection.4.3}{\376\377\0004\000.\0003\000\040\000S\000t\000a\000n\000d\000a\000r\000d\000i\000z\000a\000t\000i\000o\000n\000\040\000o\000f\000\040\000F\000o\000r\000m\000a\000t\000s}{section.4}% 10
\BOOKMARK [2][-]{subsection.4.4}{\376\377\0004\000.\0004\000\040\000D\000a\000t\000a\000\040\000S\000t\000o\000r\000a\000g\000e}{section.4}% 11
\BOOKMARK [1][-]{section.5}{\376\377\0005\000\040\000C\000o\000n\000c\000e\000p\000t\000u\000a\000l\000\040\000D\000a\000t\000a\000\040\000M\000o\000d\000e\000l}{}% 12
\BOOKMARK [1][-]{section.6}{\376\377\0006\000\040\000I\000n\000f\000o\000r\000m\000a\000t\000i\000o\000n\000\040\000N\000e\000e\000d\000s}{}% 13
\BOOKMARK [1][-]{section.7}{\376\377\0007\000\040\000D\000a\000t\000a\000s\000e\000t\000\040\000C\000h\000a\000r\000a\000c\000t\000e\000r\000i\000z\000a\000t\000i\000o\000n}{}% 14
\BOOKMARK [2][-]{subsection.7.1}{\376\377\0007\000.\0001\000\040\000D\000i\000s\000t\000r\000i\000b\000u\000t\000i\000o\000n\000\040\000o\000f\000\040\000D\000r\000u\000g\000\040\000M\000a\000n\000u\000f\000a\000c\000t\000u\000r\000e\000r\000s}{section.7}% 15
\BOOKMARK [2][-]{subsection.7.2}{\376\377\0007\000.\0002\000\040\000D\000i\000s\000t\000r\000i\000b\000u\000t\000i\000o\000n\000\040\000o\000f\000\040\000R\000e\000v\000i\000e\000w\000s}{section.7}% 16
\BOOKMARK [2][-]{subsection.7.3}{\376\377\0007\000.\0003\000\040\000D\000i\000s\000t\000r\000i\000b\000u\000t\000i\000o\000n\000\040\000o\000f\000\040\000S\000i\000d\000e\000\040\000E\000f\000f\000e\000c\000t\000s}{section.7}% 17
\BOOKMARK [2][-]{subsection.7.4}{\376\377\0007\000.\0004\000\040\000C\000o\000m\000m\000o\000n\000\040\000U\000s\000e\000s\000\040\000W\000o\000r\000d\000\040\000C\000l\000o\000u\000d}{section.7}% 18
\BOOKMARK [2][-]{subsection.7.5}{\376\377\0007\000.\0005\000\040\000M\000o\000s\000t\000\040\000C\000o\000m\000m\000o\000n\000\040\000D\000r\000u\000g\000\040\000C\000o\000m\000p\000o\000s\000i\000t\000i\000o\000n\000s}{section.7}% 19
\BOOKMARK [2][-]{subsection.7.6}{\376\377\0007\000.\0006\000\040\000Y\000e\000a\000r\000s\000\040\000w\000i\000t\000h\000\040\000t\000h\000e\000\040\000M\000o\000s\000t\000\040\000C\000o\000m\000p\000a\000n\000i\000e\000s\000\040\000F\000o\000u\000n\000d\000a\000t\000i\000o\000n\000s}{section.7}% 20
\BOOKMARK [1][-]{section.8}{\376\377\0008\000\040\000R\000e\000s\000u\000l\000t\000s}{}% 21
\BOOKMARK [1][-]{section.9}{\376\377\0009\000\040\000A\000n\000n\000e\000x\000e\000s}{}% 22
\BOOKMARK [1][-]{section*.15}{\376\377\000R\000e\000f\000e\000r\000e\000n\000c\000e\000s}{}% 23
